<?xml version="1.0" encoding="UTF-8"?>
<testsuite xmlns:xsi="http://www.w3.org/2001/XMLSchema-instance"
           xsi:noNamespaceSchemaLocation="https://maven.apache.org/surefire/maven-surefire-plugin/xsd/surefire-test-report.xsd"
           name="com.markerhub.VueblogApplicationTests" time="12.264" tests="1" errors="0" skipped="0" failures="0">
    <properties>
        <property name="sun.desktop" value="windows"/>
        <property name="awt.toolkit" value="sun.awt.windows.WToolkit"/>
        <property name="file.encoding.pkg" value="sun.io"/>
        <property name="java.specification.version" value="1.8"/>
        <property name="sun.cpu.isalist" value="amd64"/>
        <property name="sun.jnu.encoding" value="GBK"/>
        <property name="java.class.path"
                  value="F:\markHub\vueblog\vueblog-java\target\test-classes;F:\markHub\vueblog\vueblog-java\target\classes;D:\apache-maven-3.6.3\local_repository\org\springframework\boot\spring-boot-starter-web\2.2.6.RELEASE\spring-boot-starter-web-2.2.6.RELEASE.jar;D:\apache-maven-3.6.3\local_repository\org\springframework\boot\spring-boot-starter\2.2.6.RELEASE\spring-boot-starter-2.2.6.RELEASE.jar;D:\apache-maven-3.6.3\local_repository\org\springframework\boot\spring-boot-starter-logging\2.2.6.RELEASE\spring-boot-starter-logging-2.2.6.RELEASE.jar;D:\apache-maven-3.6.3\local_repository\ch\qos\logback\logback-classic\1.2.3\logback-classic-1.2.3.jar;D:\apache-maven-3.6.3\local_repository\ch\qos\logback\logback-core\1.2.3\logback-core-1.2.3.jar;D:\apache-maven-3.6.3\local_repository\org\apache\logging\log4j\log4j-to-slf4j\2.12.1\log4j-to-slf4j-2.12.1.jar;D:\apache-maven-3.6.3\local_repository\org\apache\logging\log4j\log4j-api\2.12.1\log4j-api-2.12.1.jar;D:\apache-maven-3.6.3\local_repository\org\slf4j\jul-to-slf4j\1.7.30\jul-to-slf4j-1.7.30.jar;D:\apache-maven-3.6.3\local_repository\jakarta\annotation\jakarta.annotation-api\1.3.5\jakarta.annotation-api-1.3.5.jar;D:\apache-maven-3.6.3\local_repository\org\yaml\snakeyaml\1.25\snakeyaml-1.25.jar;D:\apache-maven-3.6.3\local_repository\org\springframework\boot\spring-boot-starter-json\2.2.6.RELEASE\spring-boot-starter-json-2.2.6.RELEASE.jar;D:\apache-maven-3.6.3\local_repository\com\fasterxml\jackson\datatype\jackson-datatype-jdk8\2.10.3\jackson-datatype-jdk8-2.10.3.jar;D:\apache-maven-3.6.3\local_repository\com\fasterxml\jackson\datatype\jackson-datatype-jsr310\2.10.3\jackson-datatype-jsr310-2.10.3.jar;D:\apache-maven-3.6.3\local_repository\com\fasterxml\jackson\module\jackson-module-parameter-names\2.10.3\jackson-module-parameter-names-2.10.3.jar;D:\apache-maven-3.6.3\local_repository\org\springframework\boot\spring-boot-starter-tomcat\2.2.6.RELEASE\spring-boot-starter-tomcat-2.2.6.RELEASE.jar;D:\apache-maven-3.6.3\local_repository\org\apache\tomcat\embed\tomcat-embed-core\9.0.33\tomcat-embed-core-9.0.33.jar;D:\apache-maven-3.6.3\local_repository\org\apache\tomcat\embed\tomcat-embed-el\9.0.33\tomcat-embed-el-9.0.33.jar;D:\apache-maven-3.6.3\local_repository\org\apache\tomcat\embed\tomcat-embed-websocket\9.0.33\tomcat-embed-websocket-9.0.33.jar;D:\apache-maven-3.6.3\local_repository\org\springframework\boot\spring-boot-starter-validation\2.2.6.RELEASE\spring-boot-starter-validation-2.2.6.RELEASE.jar;D:\apache-maven-3.6.3\local_repository\jakarta\validation\jakarta.validation-api\2.0.2\jakarta.validation-api-2.0.2.jar;D:\apache-maven-3.6.3\local_repository\org\hibernate\validator\hibernate-validator\6.0.18.Final\hibernate-validator-6.0.18.Final.jar;D:\apache-maven-3.6.3\local_repository\org\jboss\logging\jboss-logging\3.4.1.Final\jboss-logging-3.4.1.Final.jar;D:\apache-maven-3.6.3\local_repository\com\fasterxml\classmate\1.5.1\classmate-1.5.1.jar;D:\apache-maven-3.6.3\local_repository\org\springframework\spring-web\5.2.5.RELEASE\spring-web-5.2.5.RELEASE.jar;D:\apache-maven-3.6.3\local_repository\org\springframework\spring-beans\5.2.5.RELEASE\spring-beans-5.2.5.RELEASE.jar;D:\apache-maven-3.6.3\local_repository\org\springframework\spring-webmvc\5.2.5.RELEASE\spring-webmvc-5.2.5.RELEASE.jar;D:\apache-maven-3.6.3\local_repository\org\springframework\spring-aop\5.2.5.RELEASE\spring-aop-5.2.5.RELEASE.jar;D:\apache-maven-3.6.3\local_repository\org\springframework\spring-context\5.2.5.RELEASE\spring-context-5.2.5.RELEASE.jar;D:\apache-maven-3.6.3\local_repository\org\springframework\spring-expression\5.2.5.RELEASE\spring-expression-5.2.5.RELEASE.jar;D:\apache-maven-3.6.3\local_repository\org\springframework\boot\spring-boot-devtools\2.2.6.RELEASE\spring-boot-devtools-2.2.6.RELEASE.jar;D:\apache-maven-3.6.3\local_repository\org\springframework\boot\spring-boot\2.2.6.RELEASE\spring-boot-2.2.6.RELEASE.jar;D:\apache-maven-3.6.3\local_repository\org\springframework\boot\spring-boot-autoconfigure\2.2.6.RELEASE\spring-boot-autoconfigure-2.2.6.RELEASE.jar;D:\apache-maven-3.6.3\local_repository\com\alibaba\fastjson\1.2.56\fastjson-1.2.56.jar;D:\apache-maven-3.6.3\local_repository\mysql\mysql-connector-java\8.0.19\mysql-connector-java-8.0.19.jar;D:\apache-maven-3.6.3\local_repository\org\projectlombok\lombok\1.18.12\lombok-1.18.12.jar;D:\apache-maven-3.6.3\local_repository\org\springframework\boot\spring-boot-starter-test\2.2.6.RELEASE\spring-boot-starter-test-2.2.6.RELEASE.jar;D:\apache-maven-3.6.3\local_repository\org\springframework\boot\spring-boot-test\2.2.6.RELEASE\spring-boot-test-2.2.6.RELEASE.jar;D:\apache-maven-3.6.3\local_repository\org\springframework\boot\spring-boot-test-autoconfigure\2.2.6.RELEASE\spring-boot-test-autoconfigure-2.2.6.RELEASE.jar;D:\apache-maven-3.6.3\local_repository\com\jayway\jsonpath\json-path\2.4.0\json-path-2.4.0.jar;D:\apache-maven-3.6.3\local_repository\net\minidev\json-smart\2.3\json-smart-2.3.jar;D:\apache-maven-3.6.3\local_repository\net\minidev\accessors-smart\1.2\accessors-smart-1.2.jar;D:\apache-maven-3.6.3\local_repository\org\ow2\asm\asm\5.0.4\asm-5.0.4.jar;D:\apache-maven-3.6.3\local_repository\org\slf4j\slf4j-api\1.7.30\slf4j-api-1.7.30.jar;D:\apache-maven-3.6.3\local_repository\jakarta\xml\bind\jakarta.xml.bind-api\2.3.3\jakarta.xml.bind-api-2.3.3.jar;D:\apache-maven-3.6.3\local_repository\jakarta\activation\jakarta.activation-api\1.2.2\jakarta.activation-api-1.2.2.jar;D:\apache-maven-3.6.3\local_repository\org\junit\jupiter\junit-jupiter\5.5.2\junit-jupiter-5.5.2.jar;D:\apache-maven-3.6.3\local_repository\org\junit\jupiter\junit-jupiter-api\5.5.2\junit-jupiter-api-5.5.2.jar;D:\apache-maven-3.6.3\local_repository\org\apiguardian\apiguardian-api\1.1.0\apiguardian-api-1.1.0.jar;D:\apache-maven-3.6.3\local_repository\org\opentest4j\opentest4j\1.2.0\opentest4j-1.2.0.jar;D:\apache-maven-3.6.3\local_repository\org\junit\platform\junit-platform-commons\1.5.2\junit-platform-commons-1.5.2.jar;D:\apache-maven-3.6.3\local_repository\org\junit\jupiter\junit-jupiter-params\5.5.2\junit-jupiter-params-5.5.2.jar;D:\apache-maven-3.6.3\local_repository\org\junit\jupiter\junit-jupiter-engine\5.5.2\junit-jupiter-engine-5.5.2.jar;D:\apache-maven-3.6.3\local_repository\org\junit\platform\junit-platform-engine\1.5.2\junit-platform-engine-1.5.2.jar;D:\apache-maven-3.6.3\local_repository\org\mockito\mockito-junit-jupiter\3.1.0\mockito-junit-jupiter-3.1.0.jar;D:\apache-maven-3.6.3\local_repository\org\assertj\assertj-core\3.13.2\assertj-core-3.13.2.jar;D:\apache-maven-3.6.3\local_repository\org\hamcrest\hamcrest\2.1\hamcrest-2.1.jar;D:\apache-maven-3.6.3\local_repository\org\mockito\mockito-core\3.1.0\mockito-core-3.1.0.jar;D:\apache-maven-3.6.3\local_repository\net\bytebuddy\byte-buddy\1.10.8\byte-buddy-1.10.8.jar;D:\apache-maven-3.6.3\local_repository\net\bytebuddy\byte-buddy-agent\1.10.8\byte-buddy-agent-1.10.8.jar;D:\apache-maven-3.6.3\local_repository\org\objenesis\objenesis\2.6\objenesis-2.6.jar;D:\apache-maven-3.6.3\local_repository\org\skyscreamer\jsonassert\1.5.0\jsonassert-1.5.0.jar;D:\apache-maven-3.6.3\local_repository\com\vaadin\external\google\android-json\0.0.20131108.vaadin1\android-json-0.0.20131108.vaadin1.jar;D:\apache-maven-3.6.3\local_repository\org\springframework\spring-core\5.2.5.RELEASE\spring-core-5.2.5.RELEASE.jar;D:\apache-maven-3.6.3\local_repository\org\springframework\spring-jcl\5.2.5.RELEASE\spring-jcl-5.2.5.RELEASE.jar;D:\apache-maven-3.6.3\local_repository\org\springframework\spring-test\5.2.5.RELEASE\spring-test-5.2.5.RELEASE.jar;D:\apache-maven-3.6.3\local_repository\org\xmlunit\xmlunit-core\2.6.4\xmlunit-core-2.6.4.jar;D:\apache-maven-3.6.3\local_repository\com\baomidou\mybatis-plus-boot-starter\3.2.0\mybatis-plus-boot-starter-3.2.0.jar;D:\apache-maven-3.6.3\local_repository\com\baomidou\mybatis-plus\3.2.0\mybatis-plus-3.2.0.jar;D:\apache-maven-3.6.3\local_repository\org\springframework\boot\spring-boot-starter-jdbc\2.2.6.RELEASE\spring-boot-starter-jdbc-2.2.6.RELEASE.jar;D:\apache-maven-3.6.3\local_repository\com\zaxxer\HikariCP\3.4.2\HikariCP-3.4.2.jar;D:\apache-maven-3.6.3\local_repository\org\springframework\spring-jdbc\5.2.5.RELEASE\spring-jdbc-5.2.5.RELEASE.jar;D:\apache-maven-3.6.3\local_repository\org\springframework\spring-tx\5.2.5.RELEASE\spring-tx-5.2.5.RELEASE.jar;D:\apache-maven-3.6.3\local_repository\org\springframework\boot\spring-boot-starter-freemarker\2.2.6.RELEASE\spring-boot-starter-freemarker-2.2.6.RELEASE.jar;D:\apache-maven-3.6.3\local_repository\org\freemarker\freemarker\2.3.30\freemarker-2.3.30.jar;D:\apache-maven-3.6.3\local_repository\org\springframework\spring-context-support\5.2.5.RELEASE\spring-context-support-5.2.5.RELEASE.jar;D:\apache-maven-3.6.3\local_repository\com\baomidou\mybatis-plus-generator\3.2.0\mybatis-plus-generator-3.2.0.jar;D:\apache-maven-3.6.3\local_repository\com\baomidou\mybatis-plus-extension\3.2.0\mybatis-plus-extension-3.2.0.jar;D:\apache-maven-3.6.3\local_repository\com\baomidou\mybatis-plus-core\3.2.0\mybatis-plus-core-3.2.0.jar;D:\apache-maven-3.6.3\local_repository\com\baomidou\mybatis-plus-annotation\3.2.0\mybatis-plus-annotation-3.2.0.jar;D:\apache-maven-3.6.3\local_repository\com\github\jsqlparser\jsqlparser\2.1\jsqlparser-2.1.jar;D:\apache-maven-3.6.3\local_repository\org\mybatis\mybatis\3.5.2\mybatis-3.5.2.jar;D:\apache-maven-3.6.3\local_repository\org\mybatis\mybatis-spring\2.0.2\mybatis-spring-2.0.2.jar;D:\apache-maven-3.6.3\local_repository\org\crazycake\shiro-redis-spring-boot-starter\3.2.1\shiro-redis-spring-boot-starter-3.2.1.jar;D:\apache-maven-3.6.3\local_repository\org\crazycake\shiro-redis\3.2.0\shiro-redis-3.2.0.jar;D:\apache-maven-3.6.3\local_repository\redis\clients\jedis\3.1.0\jedis-3.1.0.jar;D:\apache-maven-3.6.3\local_repository\org\apache\commons\commons-pool2\2.7.0\commons-pool2-2.7.0.jar;D:\apache-maven-3.6.3\local_repository\org\apache\shiro\shiro-core\1.3.2\shiro-core-1.3.2.jar;D:\apache-maven-3.6.3\local_repository\commons-beanutils\commons-beanutils\1.8.3\commons-beanutils-1.8.3.jar;D:\apache-maven-3.6.3\local_repository\com\puppycrawl\tools\checkstyle\8.3\checkstyle-8.3.jar;D:\apache-maven-3.6.3\local_repository\antlr\antlr\2.7.7\antlr-2.7.7.jar;D:\apache-maven-3.6.3\local_repository\org\antlr\antlr4-runtime\4.7\antlr4-runtime-4.7.jar;D:\apache-maven-3.6.3\local_repository\commons-cli\commons-cli\1.4\commons-cli-1.4.jar;D:\apache-maven-3.6.3\local_repository\com\google\guava\guava\23.0\guava-23.0.jar;D:\apache-maven-3.6.3\local_repository\com\google\code\findbugs\jsr305\1.3.9\jsr305-1.3.9.jar;D:\apache-maven-3.6.3\local_repository\com\google\errorprone\error_prone_annotations\2.0.18\error_prone_annotations-2.0.18.jar;D:\apache-maven-3.6.3\local_repository\com\google\j2objc\j2objc-annotations\1.1\j2objc-annotations-1.1.jar;D:\apache-maven-3.6.3\local_repository\org\codehaus\mojo\animal-sniffer-annotations\1.14\animal-sniffer-annotations-1.14.jar;D:\apache-maven-3.6.3\local_repository\net\sf\saxon\Saxon-HE\9.8.0-4\Saxon-HE-9.8.0-4.jar;F:\JAVA\Java\jdk1.8.0_201\jre\..\lib\tools.jar;D:\apache-maven-3.6.3\local_repository\org\apache\shiro\shiro-spring-boot-web-starter\1.4.0-RC2\shiro-spring-boot-web-starter-1.4.0-RC2.jar;D:\apache-maven-3.6.3\local_repository\org\apache\shiro\shiro-spring\1.4.0-RC2\shiro-spring-1.4.0-RC2.jar;D:\apache-maven-3.6.3\local_repository\org\apache\shiro\shiro-web\1.4.0-RC2\shiro-web-1.4.0-RC2.jar;D:\apache-maven-3.6.3\local_repository\cn\hutool\hutool-all\5.3.3\hutool-all-5.3.3.jar;D:\apache-maven-3.6.3\local_repository\io\jsonwebtoken\jjwt\0.9.1\jjwt-0.9.1.jar;D:\apache-maven-3.6.3\local_repository\com\fasterxml\jackson\core\jackson-databind\2.10.3\jackson-databind-2.10.3.jar;D:\apache-maven-3.6.3\local_repository\com\fasterxml\jackson\core\jackson-annotations\2.10.3\jackson-annotations-2.10.3.jar;D:\apache-maven-3.6.3\local_repository\com\fasterxml\jackson\core\jackson-core\2.10.3\jackson-core-2.10.3.jar;"/>
        <property name="java.vm.vendor" value="Oracle Corporation"/>
        <property name="sun.arch.data.model" value="64"/>
        <property name="user.variant" value=""/>
        <property name="java.vendor.url" value="http://java.oracle.com/"/>
        <property name="user.timezone" value="GMT+08:00"/>
        <property name="java.vm.specification.version" value="1.8"/>
        <property name="os.name" value="Windows 10"/>
        <property name="user.country" value="CN"/>
        <property name="sun.java.launcher" value="SUN_STANDARD"/>
        <property name="sun.boot.library.path" value="F:\JAVA\Java\jdk1.8.0_201\jre\bin"/>
        <property name="sun.java.command"
                  value="C:\Users\何艳莹\AppData\Local\Temp\surefire3544402691457238245\surefirebooter8549807924935643627.jar C:\Users\何艳莹\AppData\Local\Temp\surefire3544402691457238245 2022-03-29T20-59-14_945-jvmRun1 surefire39394435928410504tmp surefire_05889217213678855880tmp"/>
        <property name="surefire.test.class.path"
                  value="F:\markHub\vueblog\vueblog-java\target\test-classes;F:\markHub\vueblog\vueblog-java\target\classes;D:\apache-maven-3.6.3\local_repository\org\springframework\boot\spring-boot-starter-web\2.2.6.RELEASE\spring-boot-starter-web-2.2.6.RELEASE.jar;D:\apache-maven-3.6.3\local_repository\org\springframework\boot\spring-boot-starter\2.2.6.RELEASE\spring-boot-starter-2.2.6.RELEASE.jar;D:\apache-maven-3.6.3\local_repository\org\springframework\boot\spring-boot-starter-logging\2.2.6.RELEASE\spring-boot-starter-logging-2.2.6.RELEASE.jar;D:\apache-maven-3.6.3\local_repository\ch\qos\logback\logback-classic\1.2.3\logback-classic-1.2.3.jar;D:\apache-maven-3.6.3\local_repository\ch\qos\logback\logback-core\1.2.3\logback-core-1.2.3.jar;D:\apache-maven-3.6.3\local_repository\org\apache\logging\log4j\log4j-to-slf4j\2.12.1\log4j-to-slf4j-2.12.1.jar;D:\apache-maven-3.6.3\local_repository\org\apache\logging\log4j\log4j-api\2.12.1\log4j-api-2.12.1.jar;D:\apache-maven-3.6.3\local_repository\org\slf4j\jul-to-slf4j\1.7.30\jul-to-slf4j-1.7.30.jar;D:\apache-maven-3.6.3\local_repository\jakarta\annotation\jakarta.annotation-api\1.3.5\jakarta.annotation-api-1.3.5.jar;D:\apache-maven-3.6.3\local_repository\org\yaml\snakeyaml\1.25\snakeyaml-1.25.jar;D:\apache-maven-3.6.3\local_repository\org\springframework\boot\spring-boot-starter-json\2.2.6.RELEASE\spring-boot-starter-json-2.2.6.RELEASE.jar;D:\apache-maven-3.6.3\local_repository\com\fasterxml\jackson\datatype\jackson-datatype-jdk8\2.10.3\jackson-datatype-jdk8-2.10.3.jar;D:\apache-maven-3.6.3\local_repository\com\fasterxml\jackson\datatype\jackson-datatype-jsr310\2.10.3\jackson-datatype-jsr310-2.10.3.jar;D:\apache-maven-3.6.3\local_repository\com\fasterxml\jackson\module\jackson-module-parameter-names\2.10.3\jackson-module-parameter-names-2.10.3.jar;D:\apache-maven-3.6.3\local_repository\org\springframework\boot\spring-boot-starter-tomcat\2.2.6.RELEASE\spring-boot-starter-tomcat-2.2.6.RELEASE.jar;D:\apache-maven-3.6.3\local_repository\org\apache\tomcat\embed\tomcat-embed-core\9.0.33\tomcat-embed-core-9.0.33.jar;D:\apache-maven-3.6.3\local_repository\org\apache\tomcat\embed\tomcat-embed-el\9.0.33\tomcat-embed-el-9.0.33.jar;D:\apache-maven-3.6.3\local_repository\org\apache\tomcat\embed\tomcat-embed-websocket\9.0.33\tomcat-embed-websocket-9.0.33.jar;D:\apache-maven-3.6.3\local_repository\org\springframework\boot\spring-boot-starter-validation\2.2.6.RELEASE\spring-boot-starter-validation-2.2.6.RELEASE.jar;D:\apache-maven-3.6.3\local_repository\jakarta\validation\jakarta.validation-api\2.0.2\jakarta.validation-api-2.0.2.jar;D:\apache-maven-3.6.3\local_repository\org\hibernate\validator\hibernate-validator\6.0.18.Final\hibernate-validator-6.0.18.Final.jar;D:\apache-maven-3.6.3\local_repository\org\jboss\logging\jboss-logging\3.4.1.Final\jboss-logging-3.4.1.Final.jar;D:\apache-maven-3.6.3\local_repository\com\fasterxml\classmate\1.5.1\classmate-1.5.1.jar;D:\apache-maven-3.6.3\local_repository\org\springframework\spring-web\5.2.5.RELEASE\spring-web-5.2.5.RELEASE.jar;D:\apache-maven-3.6.3\local_repository\org\springframework\spring-beans\5.2.5.RELEASE\spring-beans-5.2.5.RELEASE.jar;D:\apache-maven-3.6.3\local_repository\org\springframework\spring-webmvc\5.2.5.RELEASE\spring-webmvc-5.2.5.RELEASE.jar;D:\apache-maven-3.6.3\local_repository\org\springframework\spring-aop\5.2.5.RELEASE\spring-aop-5.2.5.RELEASE.jar;D:\apache-maven-3.6.3\local_repository\org\springframework\spring-context\5.2.5.RELEASE\spring-context-5.2.5.RELEASE.jar;D:\apache-maven-3.6.3\local_repository\org\springframework\spring-expression\5.2.5.RELEASE\spring-expression-5.2.5.RELEASE.jar;D:\apache-maven-3.6.3\local_repository\org\springframework\boot\spring-boot-devtools\2.2.6.RELEASE\spring-boot-devtools-2.2.6.RELEASE.jar;D:\apache-maven-3.6.3\local_repository\org\springframework\boot\spring-boot\2.2.6.RELEASE\spring-boot-2.2.6.RELEASE.jar;D:\apache-maven-3.6.3\local_repository\org\springframework\boot\spring-boot-autoconfigure\2.2.6.RELEASE\spring-boot-autoconfigure-2.2.6.RELEASE.jar;D:\apache-maven-3.6.3\local_repository\com\alibaba\fastjson\1.2.56\fastjson-1.2.56.jar;D:\apache-maven-3.6.3\local_repository\mysql\mysql-connector-java\8.0.19\mysql-connector-java-8.0.19.jar;D:\apache-maven-3.6.3\local_repository\org\projectlombok\lombok\1.18.12\lombok-1.18.12.jar;D:\apache-maven-3.6.3\local_repository\org\springframework\boot\spring-boot-starter-test\2.2.6.RELEASE\spring-boot-starter-test-2.2.6.RELEASE.jar;D:\apache-maven-3.6.3\local_repository\org\springframework\boot\spring-boot-test\2.2.6.RELEASE\spring-boot-test-2.2.6.RELEASE.jar;D:\apache-maven-3.6.3\local_repository\org\springframework\boot\spring-boot-test-autoconfigure\2.2.6.RELEASE\spring-boot-test-autoconfigure-2.2.6.RELEASE.jar;D:\apache-maven-3.6.3\local_repository\com\jayway\jsonpath\json-path\2.4.0\json-path-2.4.0.jar;D:\apache-maven-3.6.3\local_repository\net\minidev\json-smart\2.3\json-smart-2.3.jar;D:\apache-maven-3.6.3\local_repository\net\minidev\accessors-smart\1.2\accessors-smart-1.2.jar;D:\apache-maven-3.6.3\local_repository\org\ow2\asm\asm\5.0.4\asm-5.0.4.jar;D:\apache-maven-3.6.3\local_repository\org\slf4j\slf4j-api\1.7.30\slf4j-api-1.7.30.jar;D:\apache-maven-3.6.3\local_repository\jakarta\xml\bind\jakarta.xml.bind-api\2.3.3\jakarta.xml.bind-api-2.3.3.jar;D:\apache-maven-3.6.3\local_repository\jakarta\activation\jakarta.activation-api\1.2.2\jakarta.activation-api-1.2.2.jar;D:\apache-maven-3.6.3\local_repository\org\junit\jupiter\junit-jupiter\5.5.2\junit-jupiter-5.5.2.jar;D:\apache-maven-3.6.3\local_repository\org\junit\jupiter\junit-jupiter-api\5.5.2\junit-jupiter-api-5.5.2.jar;D:\apache-maven-3.6.3\local_repository\org\apiguardian\apiguardian-api\1.1.0\apiguardian-api-1.1.0.jar;D:\apache-maven-3.6.3\local_repository\org\opentest4j\opentest4j\1.2.0\opentest4j-1.2.0.jar;D:\apache-maven-3.6.3\local_repository\org\junit\platform\junit-platform-commons\1.5.2\junit-platform-commons-1.5.2.jar;D:\apache-maven-3.6.3\local_repository\org\junit\jupiter\junit-jupiter-params\5.5.2\junit-jupiter-params-5.5.2.jar;D:\apache-maven-3.6.3\local_repository\org\junit\jupiter\junit-jupiter-engine\5.5.2\junit-jupiter-engine-5.5.2.jar;D:\apache-maven-3.6.3\local_repository\org\junit\platform\junit-platform-engine\1.5.2\junit-platform-engine-1.5.2.jar;D:\apache-maven-3.6.3\local_repository\org\mockito\mockito-junit-jupiter\3.1.0\mockito-junit-jupiter-3.1.0.jar;D:\apache-maven-3.6.3\local_repository\org\assertj\assertj-core\3.13.2\assertj-core-3.13.2.jar;D:\apache-maven-3.6.3\local_repository\org\hamcrest\hamcrest\2.1\hamcrest-2.1.jar;D:\apache-maven-3.6.3\local_repository\org\mockito\mockito-core\3.1.0\mockito-core-3.1.0.jar;D:\apache-maven-3.6.3\local_repository\net\bytebuddy\byte-buddy\1.10.8\byte-buddy-1.10.8.jar;D:\apache-maven-3.6.3\local_repository\net\bytebuddy\byte-buddy-agent\1.10.8\byte-buddy-agent-1.10.8.jar;D:\apache-maven-3.6.3\local_repository\org\objenesis\objenesis\2.6\objenesis-2.6.jar;D:\apache-maven-3.6.3\local_repository\org\skyscreamer\jsonassert\1.5.0\jsonassert-1.5.0.jar;D:\apache-maven-3.6.3\local_repository\com\vaadin\external\google\android-json\0.0.20131108.vaadin1\android-json-0.0.20131108.vaadin1.jar;D:\apache-maven-3.6.3\local_repository\org\springframework\spring-core\5.2.5.RELEASE\spring-core-5.2.5.RELEASE.jar;D:\apache-maven-3.6.3\local_repository\org\springframework\spring-jcl\5.2.5.RELEASE\spring-jcl-5.2.5.RELEASE.jar;D:\apache-maven-3.6.3\local_repository\org\springframework\spring-test\5.2.5.RELEASE\spring-test-5.2.5.RELEASE.jar;D:\apache-maven-3.6.3\local_repository\org\xmlunit\xmlunit-core\2.6.4\xmlunit-core-2.6.4.jar;D:\apache-maven-3.6.3\local_repository\com\baomidou\mybatis-plus-boot-starter\3.2.0\mybatis-plus-boot-starter-3.2.0.jar;D:\apache-maven-3.6.3\local_repository\com\baomidou\mybatis-plus\3.2.0\mybatis-plus-3.2.0.jar;D:\apache-maven-3.6.3\local_repository\org\springframework\boot\spring-boot-starter-jdbc\2.2.6.RELEASE\spring-boot-starter-jdbc-2.2.6.RELEASE.jar;D:\apache-maven-3.6.3\local_repository\com\zaxxer\HikariCP\3.4.2\HikariCP-3.4.2.jar;D:\apache-maven-3.6.3\local_repository\org\springframework\spring-jdbc\5.2.5.RELEASE\spring-jdbc-5.2.5.RELEASE.jar;D:\apache-maven-3.6.3\local_repository\org\springframework\spring-tx\5.2.5.RELEASE\spring-tx-5.2.5.RELEASE.jar;D:\apache-maven-3.6.3\local_repository\org\springframework\boot\spring-boot-starter-freemarker\2.2.6.RELEASE\spring-boot-starter-freemarker-2.2.6.RELEASE.jar;D:\apache-maven-3.6.3\local_repository\org\freemarker\freemarker\2.3.30\freemarker-2.3.30.jar;D:\apache-maven-3.6.3\local_repository\org\springframework\spring-context-support\5.2.5.RELEASE\spring-context-support-5.2.5.RELEASE.jar;D:\apache-maven-3.6.3\local_repository\com\baomidou\mybatis-plus-generator\3.2.0\mybatis-plus-generator-3.2.0.jar;D:\apache-maven-3.6.3\local_repository\com\baomidou\mybatis-plus-extension\3.2.0\mybatis-plus-extension-3.2.0.jar;D:\apache-maven-3.6.3\local_repository\com\baomidou\mybatis-plus-core\3.2.0\mybatis-plus-core-3.2.0.jar;D:\apache-maven-3.6.3\local_repository\com\baomidou\mybatis-plus-annotation\3.2.0\mybatis-plus-annotation-3.2.0.jar;D:\apache-maven-3.6.3\local_repository\com\github\jsqlparser\jsqlparser\2.1\jsqlparser-2.1.jar;D:\apache-maven-3.6.3\local_repository\org\mybatis\mybatis\3.5.2\mybatis-3.5.2.jar;D:\apache-maven-3.6.3\local_repository\org\mybatis\mybatis-spring\2.0.2\mybatis-spring-2.0.2.jar;D:\apache-maven-3.6.3\local_repository\org\crazycake\shiro-redis-spring-boot-starter\3.2.1\shiro-redis-spring-boot-starter-3.2.1.jar;D:\apache-maven-3.6.3\local_repository\org\crazycake\shiro-redis\3.2.0\shiro-redis-3.2.0.jar;D:\apache-maven-3.6.3\local_repository\redis\clients\jedis\3.1.0\jedis-3.1.0.jar;D:\apache-maven-3.6.3\local_repository\org\apache\commons\commons-pool2\2.7.0\commons-pool2-2.7.0.jar;D:\apache-maven-3.6.3\local_repository\org\apache\shiro\shiro-core\1.3.2\shiro-core-1.3.2.jar;D:\apache-maven-3.6.3\local_repository\commons-beanutils\commons-beanutils\1.8.3\commons-beanutils-1.8.3.jar;D:\apache-maven-3.6.3\local_repository\com\puppycrawl\tools\checkstyle\8.3\checkstyle-8.3.jar;D:\apache-maven-3.6.3\local_repository\antlr\antlr\2.7.7\antlr-2.7.7.jar;D:\apache-maven-3.6.3\local_repository\org\antlr\antlr4-runtime\4.7\antlr4-runtime-4.7.jar;D:\apache-maven-3.6.3\local_repository\commons-cli\commons-cli\1.4\commons-cli-1.4.jar;D:\apache-maven-3.6.3\local_repository\com\google\guava\guava\23.0\guava-23.0.jar;D:\apache-maven-3.6.3\local_repository\com\google\code\findbugs\jsr305\1.3.9\jsr305-1.3.9.jar;D:\apache-maven-3.6.3\local_repository\com\google\errorprone\error_prone_annotations\2.0.18\error_prone_annotations-2.0.18.jar;D:\apache-maven-3.6.3\local_repository\com\google\j2objc\j2objc-annotations\1.1\j2objc-annotations-1.1.jar;D:\apache-maven-3.6.3\local_repository\org\codehaus\mojo\animal-sniffer-annotations\1.14\animal-sniffer-annotations-1.14.jar;D:\apache-maven-3.6.3\local_repository\net\sf\saxon\Saxon-HE\9.8.0-4\Saxon-HE-9.8.0-4.jar;F:\JAVA\Java\jdk1.8.0_201\jre\..\lib\tools.jar;D:\apache-maven-3.6.3\local_repository\org\apache\shiro\shiro-spring-boot-web-starter\1.4.0-RC2\shiro-spring-boot-web-starter-1.4.0-RC2.jar;D:\apache-maven-3.6.3\local_repository\org\apache\shiro\shiro-spring\1.4.0-RC2\shiro-spring-1.4.0-RC2.jar;D:\apache-maven-3.6.3\local_repository\org\apache\shiro\shiro-web\1.4.0-RC2\shiro-web-1.4.0-RC2.jar;D:\apache-maven-3.6.3\local_repository\cn\hutool\hutool-all\5.3.3\hutool-all-5.3.3.jar;D:\apache-maven-3.6.3\local_repository\io\jsonwebtoken\jjwt\0.9.1\jjwt-0.9.1.jar;D:\apache-maven-3.6.3\local_repository\com\fasterxml\jackson\core\jackson-databind\2.10.3\jackson-databind-2.10.3.jar;D:\apache-maven-3.6.3\local_repository\com\fasterxml\jackson\core\jackson-annotations\2.10.3\jackson-annotations-2.10.3.jar;D:\apache-maven-3.6.3\local_repository\com\fasterxml\jackson\core\jackson-core\2.10.3\jackson-core-2.10.3.jar;"/>
        <property name="sun.cpu.endian" value="little"/>
        <property name="user.home" value="C:\Users\何艳莹"/>
        <property name="user.language" value="zh"/>
        <property name="java.specification.vendor" value="Oracle Corporation"/>
        <property name="java.home" value="F:\JAVA\Java\jdk1.8.0_201\jre"/>
        <property name="basedir" value="F:\markHub\vueblog\vueblog-java"/>
        <property name="file.separator" value="\"/>
        <property name="line.separator" value="&#10;"/>
        <property name="java.vm.specification.vendor" value="Oracle Corporation"/>
        <property name="java.specification.name" value="Java Platform API Specification"/>
        <property name="java.awt.graphicsenv" value="sun.awt.Win32GraphicsEnvironment"/>
        <property name="surefire.real.class.path"
                  value="C:\Users\何艳莹\AppData\Local\Temp\surefire3544402691457238245\surefirebooter8549807924935643627.jar"/>
        <property name="sun.boot.class.path"
                  value="F:\JAVA\Java\jdk1.8.0_201\jre\lib\resources.jar;F:\JAVA\Java\jdk1.8.0_201\jre\lib\rt.jar;F:\JAVA\Java\jdk1.8.0_201\jre\lib\sunrsasign.jar;F:\JAVA\Java\jdk1.8.0_201\jre\lib\jsse.jar;F:\JAVA\Java\jdk1.8.0_201\jre\lib\jce.jar;F:\JAVA\Java\jdk1.8.0_201\jre\lib\charsets.jar;F:\JAVA\Java\jdk1.8.0_201\jre\lib\jfr.jar;F:\JAVA\Java\jdk1.8.0_201\jre\classes"/>
        <property name="user.script" value=""/>
        <property name="sun.management.compiler" value="HotSpot 64-Bit Tiered Compilers"/>
        <property name="java.runtime.version" value="1.8.0_201-b09"/>
        <property name="user.name" value="何艳莹"/>
        <property name="path.separator" value=";"/>
        <property name="os.version" value="10.0"/>
        <property name="java.endorsed.dirs" value="F:\JAVA\Java\jdk1.8.0_201\jre\lib\endorsed"/>
        <property name="java.runtime.name" value="Java(TM) SE Runtime Environment"/>
        <property name="file.encoding" value="GBK"/>
        <property name="java.vm.name" value="Java HotSpot(TM) 64-Bit Server VM"/>
        <property name="localRepository" value="D:\apache-maven-3.6.3\local_repository"/>
        <property name="java.vendor.url.bug" value="http://bugreport.sun.com/bugreport/"/>
        <property name="java.io.tmpdir" value="C:\Users\何艳莹\AppData\Local\Temp\"/>
        <property name="idea.version" value="2021.3.2"/>
        <property name="java.version" value="1.8.0_201"/>
        <property name="user.dir" value="F:\markHub\vueblog\vueblog-java"/>
        <property name="os.arch" value="amd64"/>
        <property name="java.vm.specification.name" value="Java Virtual Machine Specification"/>
        <property name="java.awt.printerjob" value="sun.awt.windows.WPrinterJob"/>
        <property name="sun.os.patch.level" value=""/>
        <property name="java.library.path"
                  value="F:\JAVA\Java\jdk1.8.0_201\jre\bin;C:\WINDOWS\Sun\Java\bin;C:\WINDOWS\system32;C:\WINDOWS;D:\xshell\;&quot;C:\Program Files (x86)\Common Files\Oracle\Java\javapath；F:\develop\Java\jdk1.8.0_201\bin;:;develop\Java\jdk1.8.0_201\jre\bin;&quot;;C:\Program Files (x86)\Intel\iCLS Client\;C:\Program Files\Intel\iCLS Client\;C:\windows\system32;C:\windows;C:\windows\System32\Wbem;C:\windows\System32\WindowsPowerShell\v1.0\;C:\Program Files (x86)\Intel\Intel(R) Management Engine Components\DAL;C:\Program Files\Intel\Intel(R) Management Engine Components\DAL;C:\Program Files (x86)\Intel\Intel(R) Management Engine Components\IPT;C:\Program Files\Intel\Intel(R) Management Engine Components\IPT;C:\Program Files (x86)\NVIDIA Corporation\PhysX\Common;C:\WINDOWS\system32;C:\WINDOWS;C:\WINDOWS\System32\Wbem;C:\WINDOWS\System32\WindowsPowerShell\v1.0\;C:\WINDOWS\System32\OpenSSH\;F:\JAVA\Java\jdk1.8.0_201\bin;F:\JAVA\Java\jdk1.8.0_201\jre\bin;C:\Program Files\NVIDIA Corporation\NVIDIA NvDLISR;C:\Program Files\Intel\WiFi\bin\;C:\Program Files\Common Files\Intel\WirelessCommon\;C:\WINDOWS\system32;C:\WINDOWS;C:\WINDOWS\System32\Wbem;C:\WINDOWS\System32\WindowsPowerShell\v1.0\;C:\WINDOWS\System32\OpenSSH\;C:\Program Files\Microsoft SQL Server\130\Tools\Binn\;D:\apache-maven-3.6.3\bin;D:\apache-tomcat-8.5.61\bin;C:\Program Files\MySQL\MySQL Server 8.0\bin;C:\Users\何艳莹\AppData\Local\Google\Chrome\Application;C:\Pr;gramData\chocolatey\bin;&quot;D:\apache-tomcat-8.5.61\lib;D:\apache-tomcat-8.5.61\bin&quot;;C:\Program Files\dotnet\;C:\Program Files\Microsoft SQL Server\Client SDK\ODBC\170\Tools\Binn\;D:\MATLAB\R2016b\runtime\win64;D:\MATLAB\R2016b\bin;D:\MATLAB\R2016b\polyspace\bin;D:\nvm;D:\node;D:\Redis\;D:\yarn\bin\;D:\SVN\bin;C:\Program Files (x86)\dotnet\;D:\Git\Git\cmd;D:\XFTP\;C:\Users\何艳莹\AppData\Local\Programs\Python\Python38\Scripts\;C:\Users\何艳莹\AppData\Local\Programs\Python\Python38\;D:\Anaconda;D:\Anaconda\Library\mingw-w64\bin;D:\Anaconda\Library\usr\bin;D:\Anaconda\Library\bin;D:\Anaconda\Scripts;D:\Python\Scripts\;D:\Python\;C:\Users\何艳莹\AppData\Local\Microsoft\WindowsApps;D:\pycharm\PyCharm Community Edition 2020.2.3\bin;;D:\Microsoft VS Code\bin;C:\Users\何艳莹\AppData\Local\GitHubDesktop\bin;C:\Users\何艳莹\.dotnet\tools;D:\pycharm\PyCharm 2020.1.2\bin;;D:\nvm;D:\node;D:\nvm\v10.16.3\node_global;C:\Users\何艳莹\AppData\Local\Yarn\bin;;."/>
        <property name="java.vm.info" value="mixed mode"/>
        <property name="java.vendor" value="Oracle Corporation"/>
        <property name="java.vm.version" value="25.201-b09"/>
        <property name="java.ext.dirs" value="F:\JAVA\Java\jdk1.8.0_201\jre\lib\ext;C:\WINDOWS\Sun\Java\lib\ext"/>
        <property name="sun.io.unicode.encoding" value="UnicodeLittle"/>
        <property name="maven.repo.local" value="D:\apache-maven-3.6.3\local_repository"/>
        <property name="java.class.version" value="52.0"/>
    </properties>
    <testcase name="contextLoads" classname="com.markerhub.VueblogApplicationTests" time="0.48"/>
</testsuite>